<configuration>
  <component>
    <type>org.exoplatform.services.organization.impl.mock.DummyOrganizationService</type>
  </component>

  <component>
    <key>org.exoplatform.services.resources.LocaleConfigService</key>
    <type>org.exoplatform.services.resources.impl.LocaleConfigServiceImpl</type>
      <init-params>
        <value-param>
          <name>locale.config.file</name>
          <value>jar:/conf/standalone/locales-config.xml</value>
        </value-param>
      </init-params>
  </component>
  
  <component>
    <key>org.exoplatform.services.jcr.RepositoryService</key>
    <type>org.exoplatform.services.jcr.impl.RepositoryServiceImpl</type>
    <component-plugins>
      <component-plugin>
          <name>add.namespaces</name>
          <set-method>addPlugin</set-method>
          <type>org.exoplatform.services.jcr.impl.AddNamespacesPlugin</type>
          <init-params>
            <properties-param>
              <name>namespaces</name>
              <property name="lr" value="http://www.exoplatform.org/liveroom/1.0"/>
            </properties-param>
          </init-params>
      </component-plugin>
      <component-plugin>
        <name>add.nodeType</name>
        <set-method>addPlugin</set-method>
        <type>org.exoplatform.services.jcr.impl.AddNodeTypePlugin</type>
        <init-params>
          <values-param>
            <name>autoCreatedInNewRepository</name>
            <description>Node types configuration file</description>
            <value>file:src/main/java/conf/chat-nodetype-config.xml</value>
          </values-param>
        </init-params>
      </component-plugin>
    </component-plugins>
  </component>
  <component>
      <key>org.exoplatform.services.jcr.config.RepositoryServiceConfiguration</key>
      <type>org.exoplatform.services.jcr.impl.config.RepositoryServiceConfigurationImpl</type>
      <init-params>
        <value-param>
          <name>conf-path</name>
          <description>JCR configuration file</description>
          <value>test-jcr-config.xml</value>
        </value-param>
        <properties-param>
          <name>working-conf</name>
          <description>working-conf</description>
          <property name="sourceName" value="jdbcjcr"/>
          <property name="dialect" value="hsqldb"/>
        </properties-param>
      </init-params>
  </component>
  <component>
   <type>org.exoplatform.services.xmpp.history.impl.jcr.HistoryImpl</type>
   <init-params>
      <value-param>
        <name>workspace</name>
        <value>ws</value>
      </value-param>
      <value-param>
        <name>repository</name>
        <value>db1</value> 
      </value-param>
      <value-param>
        <name>path</name>
        <value>exo:applicaton/eXoChat/history</value>
      </value-param>
    </init-params>
  </component>
  
  <component>
    <type>org.exoplatform.services.xmpp.connection.impl.XMPPMessenger</type>
    <init-params>
      <properties-param>
        <name>openfire-connection-conf</name>
        <property name="host" value="127.0.0.1" />
        <property name="port" value="5222" />
      </properties-param>
      <properties-param>
        <name>alive-checker-conf</name>
        <property name="disconnect" value="15000" />
        <property name="close" value="3000000" />
      </properties-param>
    </init-params>
  </component>
  
  <remove-configuration>org.exoplatform.services.scheduler.JobSchedulerService</remove-configuration> 
</configuration>
