<?xml version="1.0" encoding="ISO-8859-1"?>
<configuration>
  <component>
    <type>org.exoplatform.services.rest.transformer.EntityTransformerFactory</type>
  </component>
  <component>
    <type>org.exoplatform.services.rest.ResourceDispatcher</type>
  </component>
  <component>
    <type>org.exoplatform.services.rest.ResourceBinder</type>
    <init-params>
      <value-param>
        <name>ws1</name>
        <value>org.exoplatform.services.rest.container.HTTPAnnotatedContainerResolvingStrategy</value>
      </value-param>
    </init-params>
  </component>
  <component>
    <type>org.exoplatform.services.organization.impl.mock.DummyOrganizationService</type>
  </component>
  <component>
  	<type>org.exoplatform.services.authentication.rest.RESTAuthenticator</type>
  </component>
  <component>
    <type>org.exoplatform.services.organization.rest.xml.RESTOrganizationServiceXMLImpl</type>
  </component>
  <component>
    <type>org.exoplatform.services.organization.rest.json.RESTOrganizationServiceJSONImpl</type>
  </component>
  
  <remove-configuration>org.exoplatform.services.scheduler.JobSchedulerService</remove-configuration>
  <remove-configuration>org.exoplatform.services.database.HibernateService</remove-configuration>
  <remove-configuration>org.exoplatform.services.remote.group.CommunicationService</remove-configuration>
  
</configuration>
