<?xml version="1.0" encoding="ISO-8859-1"?>
<configuration>
  <external-component-plugins>
	  <target-component>org.exoplatform.services.jcr.RepositoryService</target-component>      
	  <component-plugin> 
	    <name>add.ecm.nodeType</name>
	    <set-method>addPlugin</set-method>
	    <type>org.exoplatform.services.jcr.impl.AddNodeTypePlugin</type>
	    <init-params>
	      <values-param>
	        <name>autoCreatedInNewRepository</name>
	        <description>Node types configuration file</description>
	        <value>jar:/conf/portal/nodetypes-config-extended.xml</value>
	      </values-param>
	    </init-params>
	  </component-plugin>
	</external-component-plugins>
  <import>classpath:/conf/portal/testjcr/test-jcr-configuration.xml</import> 
</configuration>
