<?xml version="1.0" encoding="ISO-8859-1"?>
<configuration xmlns:xsi="http://www.w3.org/2001/XMLSchema-instance" xsi:schemaLocation="http://www.exoplaform.org/xml/ns/kernel_1_0.xsd http://www.exoplaform.org/xml/ns/kernel_1_0.xsd"
	xmlns="http://www.exoplaform.org/xml/ns/kernel_1_0.xsd">

  <component>
    <type>org.exoplatform.mail.service.impl.JCRDataStorage</type>
  </component>
  <component>
	<key>org.exoplatform.services.scheduler.JobSchedulerService</key>
	<type>org.exoplatform.mail.service.test.FakeJobSchedulerServiceImpl</type>
 </component>
 <component>
  	<key>org.exoplatform.mail.service.MailService</key>
  	<type>org.exoplatform.mail.service.impl.MailServiceImpl</type>
		<init-params>
			<properties-param>
				<name>leaveOnServer</name>
				<property name="userAllowed" value="true"/>
				<property name="isLeaveMessage" value="true"/>
			</properties-param>
		</init-params>
  </component>  
  <component>
    <key>org.exoplatform.services.log.LogConfigurationInitializer</key>
    <type>org.exoplatform.services.log.LogConfigurationInitializer</type>
    <init-params>
      <value-param>
        <name>logger</name>
        <value>org.exoplatform.services.log.impl.BufferedLog4JLogger</value>
      </value-param>
      <value-param>
        <name>configurator</name>
        <value>org.exoplatform.services.log.impl.Log4JConfigurator</value>
      </value-param>
      <properties-param>
        <name>properties</name>
        <description>Log4J properties</description>
        <property name="log4j.rootLogger" value="INFO, stdout, file"/>

        <property name="log4j.appender.stdout" value="org.apache.log4j.ConsoleAppender"/>
        <property name="log4j.appender.stdout.threshold" value="INFO"/>

        <property name="log4j.appender.stdout.layout" value="org.apache.log4j.PatternLayout"/>
        <property name="log4j.appender.stdout.layout.ConversionPattern" value="%d{dd.MM.yyyy HH:mm:ss} *%-5p* [%t] %c{1}: %m (%F, line %L) %n"/>

        <property name="log4j.appender.file" value="org.apache.log4j.FileAppender"/>
        <property name="log4j.appender.file.File" value="target/jcr.log"/>

        <property name="log4j.appender.file.layout" value="org.apache.log4j.PatternLayout"/>
        <property name="log4j.appender.file.layout.ConversionPattern" value="%d{dd.MM.yyyy HH:mm:ss} *%-5p* [%t] %c{1}: %m (%F, line %L) %n"/>

        <!-- property name="log4j.category.ext.BackupScheduler" value="DEBUG"/>
        <property name="log4j.category.ext.BackupManagerImpl" value="DEBUG"/ -->

      </properties-param>
    </init-params>
  </component>
  
  <!-- component>
    <key>org.exoplatform.services.organization.auth.AuthenticationService</key>
    <type>org.exoplatform.services.organization.auth.impl.AuthenticationServiceImpl</type>
  </component-->
  
  <!-- REST -->
  
	<component>
		<type>org.exoplatform.services.jcr.ext.app.ThreadLocalSessionProviderService</type>
	</component>

  <component>
    <key>org.exoplatform.services.jcr.ext.hierarchy.NodeHierarchyCreator</key>
    <type>org.exoplatform.services.jcr.ext.hierarchy.impl.NodeHierarchyCreatorImpl</type>
  </component> 
  

  <component>
	  <type>org.exoplatform.services.jcr.ext.registry.RegistryService</type>
	  <init-params>
	    <properties-param>
	    <name>locations</name>
	    <property name="repository" value="collaboration"/>
	    </properties-param>
	  </init-params>
	</component>

    <!-- component>
      <key>org.exoplatform.services.jcr.ext.audit.AuditService</key>
      <type>org.exoplatform.services.jcr.ext.audit.AuditServiceImpl</type>
    </component-->

    <component>
      <key>org.exoplatform.services.jcr.RepositoryService</key>
      <type>org.exoplatform.services.jcr.impl.RepositoryServiceImpl</type>
      <component-plugins>
        <component-plugin>
          <name>add.nodeType</name>
          <set-method>addPlugin</set-method>
          <type>org.exoplatform.services.jcr.impl.AddNodeTypePlugin</type>
          <init-params>
	          <values-param>
	            <name>autoCreatedInNewRepository</name>
	            <description>Node types configuration file</description>
	            <value>classpath:/conf/portal/test-mail-nodetypes.xml</value>	            
	          </values-param>
	        </init-params>
        </component-plugin>
      </component-plugins>
    </component>
    
    
  <component>
    <key>org.exoplatform.services.resources.LocaleConfigService</key>
    <type>org.exoplatform.services.resources.impl.LocaleConfigServiceImpl</type>
      <init-params>
        <value-param>
          <name>locale.config.file</name>
          <value>classpath:/conf/portal/locales-config.xml</value>
        </value-param>
      </init-params>
  </component>
  
  
    <component>
      <key>org.exoplatform.services.jcr.config.RepositoryServiceConfiguration</key>
      <type>org.exoplatform.services.jcr.impl.config.RepositoryServiceConfigurationImpl</type>
      <init-params>
        <value-param>
          <name>conf-path</name>
          <description>JCR configuration file</description>
          <value>classpath:/conf/portal/repository-configuration.xml</value>
        </value-param>
      </init-params>
  </component>

<external-component-plugins>
    <target-component>org.exoplatform.services.jcr.ext.hierarchy.NodeHierarchyCreator</target-component>
    <component-plugin>
	    <name>addPaths</name>
	    <set-method>addPlugin</set-method>
	    <type>org.exoplatform.services.jcr.ext.hierarchy.impl.AddPathPlugin</type>            
	    <init-params>
	      <object-param>
	        <name>cms.configuration</name>
	        <description>configuration for the cms path</description>
	        <object type="org.exoplatform.services.jcr.ext.hierarchy.impl.HierarchyConfig">
	        	<field  name="repository"><string>repository</string></field>
	        	<field name="workspaces">
	          	<collection type="java.util.ArrayList">
	          		<value><string>collaboration</string></value>	          		               
	          	</collection>              	
	          </field>
	          <field  name="jcrPaths">
	          	<collection type="java.util.ArrayList">
	          	  <value>              	
		             	<object type="org.exoplatform.services.jcr.ext.hierarchy.impl.HierarchyConfig$JcrPath">              	 	
		             		<field name="alias"><string>userApplicationData</string></field>
		                <field name="path"><string>ApplicationData</string></field>
		                <field name="nodeType"><string>nt:unstructured</string></field>
		                <field name="permissions">
				              <collection type="java.util.ArrayList">               
				                <value>                            
				                  <object type="org.exoplatform.services.jcr.ext.hierarchy.impl.HierarchyConfig$Permission">             
				                    <field name="identity"><string>*:/platform/administrators</string></field>
				                    <field name="read"><string>true</string></field>                
				                    <field name="addNode"><string>true</string></field>                
				                    <field name="setProperty"><string>true</string></field>                
				                    <field name="remove"><string>true</string></field>                
				                  </object>  
				                </value>			                  
			                </collection>
			              </field>			                 			               
	              	</object>
              	  </value>
	          		<value>              	
		             	<object type="org.exoplatform.services.jcr.ext.hierarchy.impl.HierarchyConfig$JcrPath">              	 	
		             		<field  name="alias"><string>eXoApplications</string></field>
		                <field  name="path"><string>/exo:applications</string></field>		                				            	
		                <field name="permissions">
				              <collection type="java.util.ArrayList">               
				                <value>                            
				                  <object type="org.exoplatform.services.jcr.ext.hierarchy.impl.HierarchyConfig$Permission">             
				                      <field name="identity"><string>*:/platform/administrators</string></field>
				                      <field name="read"><string>true</string></field>                
				                      <field name="addNode"><string>true</string></field>                
				                      <field name="setProperty"><string>true</string></field>                
				                      <field name="remove"><string>true</string></field>                
				                    </object>  
				                </value>			                  
			                </collection>
			              </field>   			               
	              	</object>
              	</value>
             		<value>              	
		             	<object type="org.exoplatform.services.jcr.ext.hierarchy.impl.HierarchyConfig$JcrPath">              	 	
		             		<field  name="alias"><string>eXoServices</string></field>
		                <field  name="path"><string>/exo:services</string></field>		                
		                <field name="permissions">
				              <collection type="java.util.ArrayList">               
				                <value>                            
				                  <object type="org.exoplatform.services.jcr.ext.hierarchy.impl.HierarchyConfig$Permission">             
				                      <field name="identity"><string>*:/platform/administrators</string></field>
				                      <field name="read"><string>true</string></field>                
				                      <field name="addNode"><string>true</string></field>                
				                      <field name="setProperty"><string>true</string></field>                
				                      <field name="remove"><string>true</string></field>                
				                    </object>  
				                </value>			                  
			                </collection>
			              </field>   			               
	              	</object>
              	</value>	          		
              	<value>              	
	              	<object type="org.exoplatform.services.jcr.ext.hierarchy.impl.HierarchyConfig$JcrPath">              	 	
	              		<field  name="alias"><string>usersPath</string></field>
	                  <field  name="path"><string>/Users</string></field>
	                  <field name="permissions">
			                <collection type="java.util.ArrayList">               
			                  <value>                            
			                    <object type="org.exoplatform.services.jcr.ext.hierarchy.impl.HierarchyConfig$Permission">             
			                      <field name="identity"><string>*:/platform/administrators</string></field>
			                      <field name="read"><string>true</string></field>                
			                      <field name="addNode"><string>true</string></field>                
			                      <field name="setProperty"><string>true</string></field>                
			                      <field name="remove"><string>true</string></field>                
			                    </object>  
			                  </value>
			                  <value>                            
			                    <object type="org.exoplatform.services.jcr.ext.hierarchy.impl.HierarchyConfig$Permission">             
			                      <field name="identity"><string>any</string></field>
			                      <field name="read"><string>true</string></field>                
			                      <field name="addNode"><string>false</string></field>                
			                      <field name="setProperty"><string>true</string></field>                
			                      <field name="remove"><string>false</string></field>                
			                    </object>  
			                  </value>
			                </collection>
			              </field>   			               
	              	</object>
              	</value>
              	<value>              	
	              	<object type="org.exoplatform.services.jcr.ext.hierarchy.impl.HierarchyConfig$JcrPath">              	 	
	              		<field  name="alias"><string>groupsPath</string></field>
	                  <field  name="path"><string>/Groups</string></field>
	                  <field name="permissions">
			                <collection type="java.util.ArrayList">               
			                  <value>                            
			                    <object type="org.exoplatform.services.jcr.ext.hierarchy.impl.HierarchyConfig$Permission">             
			                      <field name="identity"><string>*:/platform/administrators</string></field>
			                      <field name="read"><string>true</string></field>                
			                      <field name="addNode"><string>true</string></field>                
			                      <field name="setProperty"><string>true</string></field>                
			                      <field name="remove"><string>true</string></field>                
			                    </object>  
			                  </value>
			                  <value>                            
			                    <object type="org.exoplatform.services.jcr.ext.hierarchy.impl.HierarchyConfig$Permission">             
			                      <field name="identity"><string>any</string></field>
			                      <field name="read"><string>true</string></field>                
			                      <field name="addNode"><string>false</string></field>                
			                      <field name="setProperty"><string>true</string></field>                
			                      <field name="remove"><string>false</string></field>                
			                    </object>  
			                  </value>
			                </collection>
			              </field>   			               
	              	</object>
              	</value>	              		              		              		              	
	          	</collection>              	              	
	          </field>
	        </object>
	      </object-param>
	    </init-params>            
	  </component-plugin>
	</external-component-plugins>
  <external-component-plugins>
    <target-component>org.exoplatform.services.database.HibernateService</target-component>
    <component-plugin> 
      <name>add.hibernate.mapping</name>
      <set-method>addPlugin</set-method>
      <type>org.exoplatform.services.database.impl.AddHibernateMappingPlugin</type>
      <init-params>
        <values-param>
          <name>hibernate.mapping</name>
          <value>org/exoplatform/services/organization/impl/UserImpl.hbm.xml</value>
          <value>org/exoplatform/services/organization/impl/MembershipImpl.hbm.xml</value>
          <value>org/exoplatform/services/organization/impl/GroupImpl.hbm.xml</value>
          <value>org/exoplatform/services/organization/impl/MembershipTypeImpl.hbm.xml</value>
          <value>org/exoplatform/services/organization/impl/UserProfileData.hbm.xml</value>
        </values-param>
      </init-params>
    </component-plugin>
  </external-component-plugins>
  
	<external-component-plugins>
    <target-component>org.exoplatform.services.naming.InitialContextInitializer</target-component>
    <component-plugin>
      <name>bind.datasource</name>
      <set-method>addPlugin</set-method>
      <type>org.exoplatform.services.naming.BindReferencePlugin</type>
      <init-params>
        <value-param>
          <name>bind-name</name>
          <value>jdbcexo</value>
        </value-param>
        <value-param>
          <name>class-name</name>
          <value>javax.sql.DataSource</value>
        </value-param>
        <value-param>
          <name>factory</name>
          <value>org.apache.commons.dbcp.BasicDataSourceFactory</value>
        </value-param>
        <properties-param>
          <name>ref-addresses</name>
          <description>ref-addresses</description>
          <property name="driverClassName" value="org.hsqldb.jdbcDriver"/>
          <property name="url" value="jdbc:hsqldb:mem:target/temp/data/portal"/>
          <property name="username" value="sa"/>
          <property name="password" value=""/>
        </properties-param>
      </init-params>
    </component-plugin>        
  </external-component-plugins>
  
  <external-component-plugins>
    <target-component>org.exoplatform.services.listener.ListenerService</target-component>
    <component-plugin>
      <name>exo.service.authentication.login</name>
      <set-method>addListener</set-method>
      <type>org.exoplatform.services.organization.auth.MembershipListener</type>
    </component-plugin>
  </external-component-plugins>
  
			
	
	
	<external-component-plugins>
  	<target-component>org.exoplatform.services.organization.OrganizationService</target-component>  	
	  <component-plugin>
	    <name>ecm.new.group.event.listener</name>
	    <set-method>addListenerPlugin</set-method>
	    <type>org.exoplatform.services.jcr.ext.hierarchy.impl.NewGroupListener</type>
	    <description>description</description>
	    <init-params>
	      <object-param>
	        <name>configuration></name>
	        <description>description</description>
	        <object type="org.exoplatform.services.jcr.ext.hierarchy.impl.HierarchyConfig">
          	<field  name="repository"><string>repository</string></field>
           	<field name="workspaces">
             	<collection type="java.util.ArrayList">
              	<value><string>collaboration</string></value>              	              
              </collection>              	
            </field>            
            <field  name="jcrPaths">
             	<collection type="java.util.ArrayList">
                <value>              	
		             	<object type="org.exoplatform.services.jcr.ext.hierarchy.impl.HierarchyConfig$JcrPath">              	 	
		             		<field name="alias"><string>groupApplicationData</string></field>
		                <field name="path"><string>ApplicationData</string></field>
		                <field name="nodeType"><string>nt:unstructured</string></field>
		                <field name="permissions">
				              <collection type="java.util.ArrayList">               
				                <value>                            
				                  <object type="org.exoplatform.services.jcr.ext.hierarchy.impl.HierarchyConfig$Permission">             
				                    <field name="identity"><string>*:/platform/administrators</string></field>
				                    <field name="read"><string>true</string></field>                
				                    <field name="addNode"><string>true</string></field>                
				                    <field name="setProperty"><string>true</string></field>                
				                    <field name="remove"><string>true</string></field>                
				                  </object>  
				                </value>			                  
			                </collection>
			              </field>			                 			               
	              	</object>
              	</value>                             	              	             
             	</collection>
            </field>            
	        </object>
	      </object-param>
	    </init-params> 
	  </component-plugin>
	  <component-plugin>
	    <name>ecm.new.user.event.listener</name>
	    <set-method>addListenerPlugin</set-method>
	    <type>org.exoplatform.services.jcr.ext.hierarchy.impl.NewUserListener</type>
	    <description>description</description>
	    <init-params>
	      <object-param>
	        <name>configuration</name>
	        <description>description</description>
	        <object type="org.exoplatform.services.jcr.ext.hierarchy.impl.HierarchyConfig">
          	<field  name="repository"><string>repository</string></field>
           	<field name="workspaces">
             	<collection type="java.util.ArrayList">
              	<value><string>collaboration</string></value>              	              
              </collection>              	
            </field>            
            <field  name="jcrPaths">
             	<collection type="java.util.ArrayList">
                <value>              	
		             	<object type="org.exoplatform.services.jcr.ext.hierarchy.impl.HierarchyConfig$JcrPath">              	 	
		             		<field name="alias"><string>userApplicationData</string></field>
		                <field name="path"><string>ApplicationData</string></field>
		                <field name="nodeType"><string>nt:unstructured</string></field>
		                <field name="permissions">
				              <collection type="java.util.ArrayList">               
				                <value>                            
				                  <object type="org.exoplatform.services.jcr.ext.hierarchy.impl.HierarchyConfig$Permission">             
				                    <field name="identity"><string>*:/platform/administrators</string></field>
				                    <field name="read"><string>true</string></field>                
				                    <field name="addNode"><string>true</string></field>                
				                    <field name="setProperty"><string>true</string></field>                
				                    <field name="remove"><string>true</string></field>                
				                  </object>  
				                </value>			                  
			                </collection>
			              </field>			                 			               
	              	</object>
              	</value>                
             	</collection>
            </field>	          
	        </object>
	      </object-param>
	    </init-params>
	  </component-plugin>	  	  	  	  
	</external-component-plugins>

  <external-component-plugins>
  	<target-component>org.exoplatform.services.organization.OrganizationService</target-component>  	
	  <component-plugin>
	    <name>ecm.new.group.event.listener</name>
	    <set-method>addListenerPlugin</set-method>
	    <type>org.exoplatform.services.jcr.ext.hierarchy.impl.NewGroupListener</type>
	    <description>description</description>
	    <init-params>
	      <object-param>
	        <name>configuration></name>
	        <description>description</description>
	        <object type="org.exoplatform.services.jcr.ext.hierarchy.impl.HierarchyConfig">
          	<field  name="repository"><string>repository</string></field>
           	<field name="workspaces">
             	<collection type="java.util.ArrayList">
              	<value><string>collaboration</string></value>              	              
              </collection>              	
            </field>            
            <field  name="jcrPaths">
             	<collection type="java.util.ArrayList">
                <value>              	
		             	<object type="org.exoplatform.services.jcr.ext.hierarchy.impl.HierarchyConfig$JcrPath">              	 	
		             		<field name="alias"><string>groupApplicationData</string></field>
		                <field name="path"><string>ApplicationData</string></field>
		                <field name="nodeType"><string>nt:unstructured</string></field>
		                <field name="permissions">
				              <collection type="java.util.ArrayList">               
				                <value>                            
				                  <object type="org.exoplatform.services.jcr.ext.hierarchy.impl.HierarchyConfig$Permission">             
				                    <field name="identity"><string>*:/platform/administrators</string></field>
				                    <field name="read"><string>true</string></field>                
				                    <field name="addNode"><string>true</string></field>                
				                    <field name="setProperty"><string>true</string></field>                
				                    <field name="remove"><string>true</string></field>                
				                  </object>  
				                </value>			                  
			                </collection>
			              </field>			                 			               
	              	</object>
              	</value>                             	              	             
             	</collection>
            </field>            
	        </object>
	      </object-param>
	    </init-params> 
	  </component-plugin>
	  <component-plugin>
	    <name>ecm.new.user.event.listener</name>
	    <set-method>addListenerPlugin</set-method>
	    <type>org.exoplatform.services.jcr.ext.hierarchy.impl.NewUserListener</type>
	    <description>description</description>
	    <init-params>
	      <object-param>
	        <name>configuration</name>
	        <description>description</description>
	        <object type="org.exoplatform.services.jcr.ext.hierarchy.impl.HierarchyConfig">
          	<field  name="repository"><string>repository</string></field>
           	<field name="workspaces">
             	<collection type="java.util.ArrayList">
              	<value><string>collaboration</string></value>              	              
              </collection>              	
            </field>            
            <field  name="jcrPaths">
             	<collection type="java.util.ArrayList">
                <value>              	
		             	<object type="org.exoplatform.services.jcr.ext.hierarchy.impl.HierarchyConfig$JcrPath">              	 	
		             		<field name="alias"><string>userApplicationData</string></field>
		                <field name="path"><string>ApplicationData</string></field>
		                <field name="nodeType"><string>nt:unstructured</string></field>
		                <field name="permissions">
				              <collection type="java.util.ArrayList">               
				                <value>                            
				                  <object type="org.exoplatform.services.jcr.ext.hierarchy.impl.HierarchyConfig$Permission">             
				                    <field name="identity"><string>*:/platform/administrators</string></field>
				                    <field name="read"><string>true</string></field>                
				                    <field name="addNode"><string>true</string></field>                
				                    <field name="setProperty"><string>true</string></field>                
				                    <field name="remove"><string>true</string></field>                
				                  </object>  
				                </value>			                  
			                </collection>
			              </field>			                 			               
	              	</object>
              	</value>                
             	</collection>
            </field>	          
	        </object>
	      </object-param>
	    </init-params>
	  </component-plugin>	  	  	  	  
	</external-component-plugins>
    <remove-configuration>org.exoplatform.services.transaction.ExoTransactionService</remove-configuration> 
</configuration>
